[debug] [2024-07-19T22:40:04.600Z] ----------------------------------------------------------------------
[debug] [2024-07-19T22:40:04.606Z] Command:       /usr/local/bin/node /Users/boriskizenko/.npm-global/bin/firebase emulators:start --only functions
[debug] [2024-07-19T22:40:04.606Z] CLI Version:   13.13.3
[debug] [2024-07-19T22:40:04.606Z] Platform:      darwin
[debug] [2024-07-19T22:40:04.606Z] Node Version:  v21.0.0
[debug] [2024-07-19T22:40:04.606Z] Time:          Fri Jul 19 2024 18:40:04 GMT-0400 (Eastern Daylight Time)
[debug] [2024-07-19T22:40:04.607Z] ----------------------------------------------------------------------
[debug] 
[debug] [2024-07-19T22:40:04.641Z] > command requires scopes: ["email","openid","https://www.googleapis.com/auth/cloudplatformprojects.readonly","https://www.googleapis.com/auth/firebase","https://www.googleapis.com/auth/cloud-platform"]
[debug] [2024-07-19T22:40:04.641Z] > authorizing via signed-in user (b2kizenko@gmail.com)
[info] i  emulators: Starting emulators: functions {"metadata":{"emulator":{"name":"hub"},"message":"Starting emulators: functions"}}
[debug] [2024-07-19T22:40:04.766Z] [logging] Logging Emulator only supports listening on one address (127.0.0.1). Not listening on ::1
[debug] [2024-07-19T22:40:04.766Z] assigned listening specs for emulators {"user":{"hub":[{"address":"127.0.0.1","family":"IPv4","port":4400},{"address":"::1","family":"IPv6","port":4400}],"ui":[{"address":"127.0.0.1","family":"IPv4","port":4000},{"address":"::1","family":"IPv6","port":4000}],"logging":[{"address":"127.0.0.1","family":"IPv4","port":4500}]},"metadata":{"message":"assigned listening specs for emulators"}}
[debug] [2024-07-19T22:40:04.770Z] [hub] writing locator at /var/folders/kf/sqrpfdl179jb9wf6_8t4m6dc0000gn/T/hub-groceryscraper-a7b4e.json
[debug] [2024-07-19T22:40:04.846Z] [functions] Functions Emulator only supports listening on one address (127.0.0.1). Not listening on ::1
[debug] [2024-07-19T22:40:04.846Z] [eventarc] Eventarc Emulator only supports listening on one address (127.0.0.1). Not listening on ::1
[debug] [2024-07-19T22:40:04.846Z] late-assigned ports for functions and eventarc emulators {"user":{"hub":[{"address":"127.0.0.1","family":"IPv4","port":4400},{"address":"::1","family":"IPv6","port":4400}],"ui":[{"address":"127.0.0.1","family":"IPv4","port":4000},{"address":"::1","family":"IPv6","port":4000}],"logging":[{"address":"127.0.0.1","family":"IPv4","port":4500}],"functions":[{"address":"127.0.0.1","family":"IPv4","port":5001}],"eventarc":[{"address":"127.0.0.1","family":"IPv4","port":9299}]},"metadata":{"message":"late-assigned ports for functions and eventarc emulators"}}
[warn] ⚠  functions: The following emulators are not running, calls to these services from the Functions emulator will affect production: auth, firestore, database, hosting, pubsub, storage, dataconnect {"metadata":{"emulator":{"name":"functions"},"message":"The following emulators are not running, calls to these services from the Functions emulator will affect production: \u001b[1mauth, firestore, database, hosting, pubsub, storage, dataconnect\u001b[22m"}}
[debug] [2024-07-19T22:40:04.848Z] defaultcredentials: writing to file /Users/boriskizenko/.config/firebase/b2kizenko_gmail_com_application_default_credentials.json
[debug] [2024-07-19T22:40:04.854Z] Setting GAC to /Users/boriskizenko/.config/firebase/b2kizenko_gmail_com_application_default_credentials.json {"metadata":{"emulator":{"name":"functions"},"message":"Setting GAC to /Users/boriskizenko/.config/firebase/b2kizenko_gmail_com_application_default_credentials.json"}}
[debug] [2024-07-19T22:40:04.855Z] >>> [apiv2][query] GET https://firebase.googleapis.com/v1beta1/projects/groceryscraper-a7b4e/adminSdkConfig [none]
[debug] [2024-07-19T22:40:05.891Z] <<< [apiv2][status] GET https://firebase.googleapis.com/v1beta1/projects/groceryscraper-a7b4e/adminSdkConfig 200
[debug] [2024-07-19T22:40:05.891Z] <<< [apiv2][body] GET https://firebase.googleapis.com/v1beta1/projects/groceryscraper-a7b4e/adminSdkConfig {"projectId":"groceryscraper-a7b4e","storageBucket":"groceryscraper-a7b4e.appspot.com","locationId":"us-central"}
[info] i  ui: downloading ui-v1.12.1.zip... {"metadata":{"emulator":{"name":"ui"},"message":"downloading ui-v1.12.1.zip..."}}
[debug] [2024-07-19T22:40:05.903Z] >>> [apiv2][query] GET https://storage.googleapis.com/firebase-preview-drop/emulator/ui-v1.12.1.zip 
[debug] [2024-07-19T22:40:06.225Z] <<< [apiv2][status] GET https://storage.googleapis.com/firebase-preview-drop/emulator/ui-v1.12.1.zip 200
[debug] [2024-07-19T22:40:06.226Z] <<< [apiv2][body] GET https://storage.googleapis.com/firebase-preview-drop/emulator/ui-v1.12.1.zip [stream]
[debug] [2024-07-19T22:40:14.451Z] Data is 3498269
[debug] [2024-07-19T22:40:14.452Z] [unzip] Entry: client/ (compressed_size=0 bytes, uncompressed_size=0 bytes)
[debug] [2024-07-19T22:40:14.452Z] [unzip] Processing entry: client/
[debug] [2024-07-19T22:40:14.452Z] [unzip] mkdir: /Users/boriskizenko/.cache/firebase/emulators/ui-v1.12.1/client/
[debug] [2024-07-19T22:40:14.452Z] [unzip] Entry: client/favicon.ico (compressed_size=2933 bytes, uncompressed_size=13294 bytes)
[debug] [2024-07-19T22:40:14.452Z] [unzip] Processing entry: client/favicon.ico
[debug] [2024-07-19T22:40:14.453Z] [unzip] else mkdir: /Users/boriskizenko/.cache/firebase/emulators/ui-v1.12.1/client
[debug] [2024-07-19T22:40:14.453Z] [unzip] deflating: /Users/boriskizenko/.cache/firebase/emulators/ui-v1.12.1/client/favicon.ico
[debug] [2024-07-19T22:40:14.456Z] [unzip] Entry: client/mstile-150x150.png (compressed_size=2034 bytes, uncompressed_size=2034 bytes)
[debug] [2024-07-19T22:40:14.456Z] [unzip] Processing entry: client/mstile-150x150.png
[debug] [2024-07-19T22:40:14.456Z] [unzip] else mkdir: /Users/boriskizenko/.cache/firebase/emulators/ui-v1.12.1/client
[debug] [2024-07-19T22:40:14.457Z] [unzip] Writing file: /Users/boriskizenko/.cache/firebase/emulators/ui-v1.12.1/client/mstile-150x150.png
[debug] [2024-07-19T22:40:14.457Z] [unzip] Entry: client/favicon-16x16.png (compressed_size=293 bytes, uncompressed_size=293 bytes)
[debug] [2024-07-19T22:40:14.457Z] [unzip] Processing entry: client/favicon-16x16.png
[debug] [2024-07-19T22:40:14.457Z] [unzip] else mkdir: /Users/boriskizenko/.cache/firebase/emulators/ui-v1.12.1/client
[debug] [2024-07-19T22:40:14.457Z] [unzip] Writing file: /Users/boriskizenko/.cache/firebase/emulators/ui-v1.12.1/client/favicon-16x16.png
[debug] [2024-07-19T22:40:14.458Z] [unzip] Entry: client/favicon-32x32.png (compressed_size=475 bytes, uncompressed_size=475 bytes)
[debug] [2024-07-19T22:40:14.458Z] [unzip] Processing entry: client/favicon-32x32.png
[debug] [2024-07-19T22:40:14.458Z] [unzip] else mkdir: /Users/boriskizenko/.cache/firebase/emulators/ui-v1.12.1/client
[debug] [2024-07-19T22:40:14.458Z] [unzip] Writing file: /Users/boriskizenko/.cache/firebase/emulators/ui-v1.12.1/client/favicon-32x32.png
[debug] [2024-07-19T22:40:14.458Z] [unzip] Entry: client/manifest.json (compressed_size=245 bytes, uncompressed_size=551 bytes)
[debug] [2024-07-19T22:40:14.458Z] [unzip] Processing entry: client/manifest.json
[debug] [2024-07-19T22:40:14.458Z] [unzip] else mkdir: /Users/boriskizenko/.cache/firebase/emulators/ui-v1.12.1/client
[debug] [2024-07-19T22:40:14.458Z] [unzip] deflating: /Users/boriskizenko/.cache/firebase/emulators/ui-v1.12.1/client/manifest.json
[debug] [2024-07-19T22:40:14.460Z] [unzip] Entry: client/index.html (compressed_size=1365 bytes, uncompressed_size=3071 bytes)
[debug] [2024-07-19T22:40:14.460Z] [unzip] Processing entry: client/index.html
[debug] [2024-07-19T22:40:14.460Z] [unzip] else mkdir: /Users/boriskizenko/.cache/firebase/emulators/ui-v1.12.1/client
[debug] [2024-07-19T22:40:14.460Z] [unzip] deflating: /Users/boriskizenko/.cache/firebase/emulators/ui-v1.12.1/client/index.html
[debug] [2024-07-19T22:40:14.461Z] [unzip] Entry: client/robots.txt (compressed_size=26 bytes, uncompressed_size=26 bytes)
[debug] [2024-07-19T22:40:14.461Z] [unzip] Processing entry: client/robots.txt
[debug] [2024-07-19T22:40:14.461Z] [unzip] else mkdir: /Users/boriskizenko/.cache/firebase/emulators/ui-v1.12.1/client
[debug] [2024-07-19T22:40:14.461Z] [unzip] Writing file: /Users/boriskizenko/.cache/firebase/emulators/ui-v1.12.1/client/robots.txt
[debug] [2024-07-19T22:40:14.462Z] [unzip] Entry: client/android-chrome-512x512.png (compressed_size=5369 bytes, uncompressed_size=5411 bytes)
[debug] [2024-07-19T22:40:14.462Z] [unzip] Processing entry: client/android-chrome-512x512.png
[debug] [2024-07-19T22:40:14.462Z] [unzip] else mkdir: /Users/boriskizenko/.cache/firebase/emulators/ui-v1.12.1/client
[debug] [2024-07-19T22:40:14.462Z] [unzip] deflating: /Users/boriskizenko/.cache/firebase/emulators/ui-v1.12.1/client/android-chrome-512x512.png
[debug] [2024-07-19T22:40:14.463Z] [unzip] Entry: client/assets/ (compressed_size=0 bytes, uncompressed_size=0 bytes)
[debug] [2024-07-19T22:40:14.463Z] [unzip] Processing entry: client/assets/
[debug] [2024-07-19T22:40:14.463Z] [unzip] mkdir: /Users/boriskizenko/.cache/firebase/emulators/ui-v1.12.1/client/assets/
[debug] [2024-07-19T22:40:14.464Z] [unzip] Entry: client/assets/img/ (compressed_size=0 bytes, uncompressed_size=0 bytes)
[debug] [2024-07-19T22:40:14.464Z] [unzip] Processing entry: client/assets/img/
[debug] [2024-07-19T22:40:14.464Z] [unzip] mkdir: /Users/boriskizenko/.cache/firebase/emulators/ui-v1.12.1/client/assets/img/
[debug] [2024-07-19T22:40:14.464Z] [unzip] Entry: client/assets/img/database.png (compressed_size=29449 bytes, uncompressed_size=29988 bytes)
[debug] [2024-07-19T22:40:14.464Z] [unzip] Processing entry: client/assets/img/database.png
[debug] [2024-07-19T22:40:14.464Z] [unzip] else mkdir: /Users/boriskizenko/.cache/firebase/emulators/ui-v1.12.1/client/assets/img
[debug] [2024-07-19T22:40:14.464Z] [unzip] deflating: /Users/boriskizenko/.cache/firebase/emulators/ui-v1.12.1/client/assets/img/database.png
[debug] [2024-07-19T22:40:14.465Z] [unzip] Entry: client/assets/provider-icons/ (compressed_size=0 bytes, uncompressed_size=0 bytes)
[debug] [2024-07-19T22:40:14.465Z] [unzip] Processing entry: client/assets/provider-icons/
[debug] [2024-07-19T22:40:14.465Z] [unzip] mkdir: /Users/boriskizenko/.cache/firebase/emulators/ui-v1.12.1/client/assets/provider-icons/
[debug] [2024-07-19T22:40:14.465Z] [unzip] Entry: client/assets/provider-icons/auth_service_play_games.svg (compressed_size=565 bytes, uncompressed_size=1173 bytes)
[debug] [2024-07-19T22:40:14.465Z] [unzip] Processing entry: client/assets/provider-icons/auth_service_play_games.svg
[debug] [2024-07-19T22:40:14.465Z] [unzip] else mkdir: /Users/boriskizenko/.cache/firebase/emulators/ui-v1.12.1/client/assets/provider-icons
[debug] [2024-07-19T22:40:14.465Z] [unzip] deflating: /Users/boriskizenko/.cache/firebase/emulators/ui-v1.12.1/client/assets/provider-icons/auth_service_play_games.svg
[debug] [2024-07-19T22:40:14.468Z] [unzip] Entry: client/assets/provider-icons/auth_service_game_center.svg (compressed_size=991 bytes, uncompressed_size=3921 bytes)
[debug] [2024-07-19T22:40:14.468Z] [unzip] Processing entry: client/assets/provider-icons/auth_service_game_center.svg
[debug] [2024-07-19T22:40:14.468Z] [unzip] else mkdir: /Users/boriskizenko/.cache/firebase/emulators/ui-v1.12.1/client/assets/provider-icons
[debug] [2024-07-19T22:40:14.469Z] [unzip] deflating: /Users/boriskizenko/.cache/firebase/emulators/ui-v1.12.1/client/assets/provider-icons/auth_service_game_center.svg
[debug] [2024-07-19T22:40:14.469Z] [unzip] Entry: client/assets/provider-icons/auth_service_google.svg (compressed_size=409 bytes, uncompressed_size=720 bytes)
[debug] [2024-07-19T22:40:14.469Z] [unzip] Processing entry: client/assets/provider-icons/auth_service_google.svg
[debug] [2024-07-19T22:40:14.469Z] [unzip] else mkdir: /Users/boriskizenko/.cache/firebase/emulators/ui-v1.12.1/client/assets/provider-icons
[debug] [2024-07-19T22:40:14.469Z] [unzip] deflating: /Users/boriskizenko/.cache/firebase/emulators/ui-v1.12.1/client/assets/provider-icons/auth_service_google.svg
[debug] [2024-07-19T22:40:14.470Z] [unzip] Entry: client/assets/provider-icons/auth_service_yahoo.svg (compressed_size=577 bytes, uncompressed_size=1182 bytes)
[debug] [2024-07-19T22:40:14.470Z] [unzip] Processing entry: client/assets/provider-icons/auth_service_yahoo.svg
[debug] [2024-07-19T22:40:14.470Z] [unzip] else mkdir: /Users/boriskizenko/.cache/firebase/emulators/ui-v1.12.1/client/assets/provider-icons
[debug] [2024-07-19T22:40:14.470Z] [unzip] deflating: /Users/boriskizenko/.cache/firebase/emulators/ui-v1.12.1/client/assets/provider-icons/auth_service_yahoo.svg
[debug] [2024-07-19T22:40:14.471Z] [unzip] Entry: client/assets/provider-icons/auth_service_email.svg (compressed_size=228 bytes, uncompressed_size=326 bytes)
[debug] [2024-07-19T22:40:14.471Z] [unzip] Processing entry: client/assets/provider-icons/auth_service_email.svg
[debug] [2024-07-19T22:40:14.471Z] [unzip] else mkdir: /Users/boriskizenko/.cache/firebase/emulators/ui-v1.12.1/client/assets/provider-icons
[debug] [2024-07-19T22:40:14.471Z] [unzip] deflating: /Users/boriskizenko/.cache/firebase/emulators/ui-v1.12.1/client/assets/provider-icons/auth_service_email.svg
[debug] [2024-07-19T22:40:14.471Z] [unzip] Entry: client/assets/provider-icons/auth_service_saml.svg (compressed_size=575 bytes, uncompressed_size=1226 bytes)
[debug] [2024-07-19T22:40:14.471Z] [unzip] Processing entry: client/assets/provider-icons/auth_service_saml.svg
[debug] [2024-07-19T22:40:14.471Z] [unzip] else mkdir: /Users/boriskizenko/.cache/firebase/emulators/ui-v1.12.1/client/assets/provider-icons
[debug] [2024-07-19T22:40:14.472Z] [unzip] deflating: /Users/boriskizenko/.cache/firebase/emulators/ui-v1.12.1/client/assets/provider-icons/auth_service_saml.svg
[debug] [2024-07-19T22:40:14.472Z] [unzip] Entry: client/assets/provider-icons/auth_service_oidc.svg (compressed_size=414 bytes, uncompressed_size=858 bytes)
[debug] [2024-07-19T22:40:14.472Z] [unzip] Processing entry: client/assets/provider-icons/auth_service_oidc.svg
[debug] [2024-07-19T22:40:14.472Z] [unzip] else mkdir: /Users/boriskizenko/.cache/firebase/emulators/ui-v1.12.1/client/assets/provider-icons
[debug] [2024-07-19T22:40:14.472Z] [unzip] deflating: /Users/boriskizenko/.cache/firebase/emulators/ui-v1.12.1/client/assets/provider-icons/auth_service_oidc.svg
[debug] [2024-07-19T22:40:14.473Z] [unzip] Entry: client/assets/provider-icons/auth_service_facebook.svg (compressed_size=289 bytes, uncompressed_size=457 bytes)
[debug] [2024-07-19T22:40:14.473Z] [unzip] Processing entry: client/assets/provider-icons/auth_service_facebook.svg
[debug] [2024-07-19T22:40:14.473Z] [unzip] else mkdir: /Users/boriskizenko/.cache/firebase/emulators/ui-v1.12.1/client/assets/provider-icons
[debug] [2024-07-19T22:40:14.473Z] [unzip] deflating: /Users/boriskizenko/.cache/firebase/emulators/ui-v1.12.1/client/assets/provider-icons/auth_service_facebook.svg
[debug] [2024-07-19T22:40:14.474Z] [unzip] Entry: client/assets/provider-icons/auth_service_github.svg (compressed_size=466 bytes, uncompressed_size=838 bytes)
[debug] [2024-07-19T22:40:14.474Z] [unzip] Processing entry: client/assets/provider-icons/auth_service_github.svg
[debug] [2024-07-19T22:40:14.474Z] [unzip] else mkdir: /Users/boriskizenko/.cache/firebase/emulators/ui-v1.12.1/client/assets/provider-icons
[debug] [2024-07-19T22:40:14.474Z] [unzip] deflating: /Users/boriskizenko/.cache/firebase/emulators/ui-v1.12.1/client/assets/provider-icons/auth_service_github.svg
[debug] [2024-07-19T22:40:14.474Z] [unzip] Entry: client/assets/provider-icons/auth_service_phone.svg (compressed_size=261 bytes, uncompressed_size=414 bytes)
[debug] [2024-07-19T22:40:14.474Z] [unzip] Processing entry: client/assets/provider-icons/auth_service_phone.svg
[debug] [2024-07-19T22:40:14.474Z] [unzip] else mkdir: /Users/boriskizenko/.cache/firebase/emulators/ui-v1.12.1/client/assets/provider-icons
[debug] [2024-07-19T22:40:14.475Z] [unzip] deflating: /Users/boriskizenko/.cache/firebase/emulators/ui-v1.12.1/client/assets/provider-icons/auth_service_phone.svg
[debug] [2024-07-19T22:40:14.475Z] [unzip] Entry: client/assets/provider-icons/auth_service_apple.svg (compressed_size=230 bytes, uncompressed_size=334 bytes)
[debug] [2024-07-19T22:40:14.475Z] [unzip] Processing entry: client/assets/provider-icons/auth_service_apple.svg
[debug] [2024-07-19T22:40:14.475Z] [unzip] else mkdir: /Users/boriskizenko/.cache/firebase/emulators/ui-v1.12.1/client/assets/provider-icons
[debug] [2024-07-19T22:40:14.475Z] [unzip] deflating: /Users/boriskizenko/.cache/firebase/emulators/ui-v1.12.1/client/assets/provider-icons/auth_service_apple.svg
[debug] [2024-07-19T22:40:14.475Z] [unzip] Entry: client/assets/provider-icons/auth_service_twitter.svg (compressed_size=444 bytes, uncompressed_size=751 bytes)
[debug] [2024-07-19T22:40:14.475Z] [unzip] Processing entry: client/assets/provider-icons/auth_service_twitter.svg
[debug] [2024-07-19T22:40:14.475Z] [unzip] else mkdir: /Users/boriskizenko/.cache/firebase/emulators/ui-v1.12.1/client/assets/provider-icons
[debug] [2024-07-19T22:40:14.475Z] [unzip] deflating: /Users/boriskizenko/.cache/firebase/emulators/ui-v1.12.1/client/assets/provider-icons/auth_service_twitter.svg
[debug] [2024-07-19T22:40:14.476Z] [unzip] Entry: client/assets/provider-icons/auth_service_mslive.svg (compressed_size=203 bytes, uncompressed_size=378 bytes)
[debug] [2024-07-19T22:40:14.476Z] [unzip] Processing entry: client/assets/provider-icons/auth_service_mslive.svg
[debug] [2024-07-19T22:40:14.476Z] [unzip] else mkdir: /Users/boriskizenko/.cache/firebase/emulators/ui-v1.12.1/client/assets/provider-icons
[debug] [2024-07-19T22:40:14.476Z] [unzip] deflating: /Users/boriskizenko/.cache/firebase/emulators/ui-v1.12.1/client/assets/provider-icons/auth_service_mslive.svg
[debug] [2024-07-19T22:40:14.476Z] [unzip] Entry: client/assets/extensions/ (compressed_size=0 bytes, uncompressed_size=0 bytes)
[debug] [2024-07-19T22:40:14.476Z] [unzip] Processing entry: client/assets/extensions/
[debug] [2024-07-19T22:40:14.476Z] [unzip] mkdir: /Users/boriskizenko/.cache/firebase/emulators/ui-v1.12.1/client/assets/extensions/
[debug] [2024-07-19T22:40:14.476Z] [unzip] Entry: client/assets/extensions/default-extension.png (compressed_size=1646 bytes, uncompressed_size=1657 bytes)
[debug] [2024-07-19T22:40:14.476Z] [unzip] Processing entry: client/assets/extensions/default-extension.png
[debug] [2024-07-19T22:40:14.476Z] [unzip] else mkdir: /Users/boriskizenko/.cache/firebase/emulators/ui-v1.12.1/client/assets/extensions
[debug] [2024-07-19T22:40:14.476Z] [unzip] deflating: /Users/boriskizenko/.cache/firebase/emulators/ui-v1.12.1/client/assets/extensions/default-extension.png
[debug] [2024-07-19T22:40:14.477Z] [unzip] Entry: client/assets/index-Cj5I7867.css (compressed_size=35786 bytes, uncompressed_size=297937 bytes)
[debug] [2024-07-19T22:40:14.477Z] [unzip] Processing entry: client/assets/index-Cj5I7867.css
[debug] [2024-07-19T22:40:14.477Z] [unzip] else mkdir: /Users/boriskizenko/.cache/firebase/emulators/ui-v1.12.1/client/assets
[debug] [2024-07-19T22:40:14.477Z] [unzip] deflating: /Users/boriskizenko/.cache/firebase/emulators/ui-v1.12.1/client/assets/index-Cj5I7867.css
[debug] [2024-07-19T22:40:14.478Z] [unzip] Entry: client/assets/index-JXEx31eZ.js (compressed_size=563896 bytes, uncompressed_size=2020866 bytes)
[debug] [2024-07-19T22:40:14.478Z] [unzip] Processing entry: client/assets/index-JXEx31eZ.js
[debug] [2024-07-19T22:40:14.478Z] [unzip] else mkdir: /Users/boriskizenko/.cache/firebase/emulators/ui-v1.12.1/client/assets
[debug] [2024-07-19T22:40:14.478Z] [unzip] deflating: /Users/boriskizenko/.cache/firebase/emulators/ui-v1.12.1/client/assets/index-JXEx31eZ.js
[debug] [2024-07-19T22:40:14.490Z] [unzip] Entry: client/assets/index-JXEx31eZ.js.map (compressed_size=2229196 bytes, uncompressed_size=9596104 bytes)
[debug] [2024-07-19T22:40:14.490Z] [unzip] Processing entry: client/assets/index-JXEx31eZ.js.map
[debug] [2024-07-19T22:40:14.490Z] [unzip] else mkdir: /Users/boriskizenko/.cache/firebase/emulators/ui-v1.12.1/client/assets
[debug] [2024-07-19T22:40:14.490Z] [unzip] deflating: /Users/boriskizenko/.cache/firebase/emulators/ui-v1.12.1/client/assets/index-JXEx31eZ.js.map
[debug] [2024-07-19T22:40:14.527Z] [unzip] Entry: client/safari-pinned-tab.svg (compressed_size=1433 bytes, uncompressed_size=2611 bytes)
[debug] [2024-07-19T22:40:14.527Z] [unzip] Processing entry: client/safari-pinned-tab.svg
[debug] [2024-07-19T22:40:14.527Z] [unzip] else mkdir: /Users/boriskizenko/.cache/firebase/emulators/ui-v1.12.1/client
[debug] [2024-07-19T22:40:14.527Z] [unzip] deflating: /Users/boriskizenko/.cache/firebase/emulators/ui-v1.12.1/client/safari-pinned-tab.svg
[debug] [2024-07-19T22:40:14.528Z] [unzip] Entry: client/browserconfig.xml (compressed_size=491 bytes, uncompressed_size=822 bytes)
[debug] [2024-07-19T22:40:14.528Z] [unzip] Processing entry: client/browserconfig.xml
[debug] [2024-07-19T22:40:14.528Z] [unzip] else mkdir: /Users/boriskizenko/.cache/firebase/emulators/ui-v1.12.1/client
[debug] [2024-07-19T22:40:14.528Z] [unzip] deflating: /Users/boriskizenko/.cache/firebase/emulators/ui-v1.12.1/client/browserconfig.xml
[debug] [2024-07-19T22:40:14.528Z] [unzip] Entry: client/android-chrome-192x192.png (compressed_size=2684 bytes, uncompressed_size=2684 bytes)
[debug] [2024-07-19T22:40:14.528Z] [unzip] Processing entry: client/android-chrome-192x192.png
[debug] [2024-07-19T22:40:14.528Z] [unzip] else mkdir: /Users/boriskizenko/.cache/firebase/emulators/ui-v1.12.1/client
[debug] [2024-07-19T22:40:14.528Z] [unzip] Writing file: /Users/boriskizenko/.cache/firebase/emulators/ui-v1.12.1/client/android-chrome-192x192.png
[debug] [2024-07-19T22:40:14.528Z] [unzip] Entry: client/apple-touch-icon.png (compressed_size=2123 bytes, uncompressed_size=2152 bytes)
[debug] [2024-07-19T22:40:14.528Z] [unzip] Processing entry: client/apple-touch-icon.png
[debug] [2024-07-19T22:40:14.528Z] [unzip] else mkdir: /Users/boriskizenko/.cache/firebase/emulators/ui-v1.12.1/client
[debug] [2024-07-19T22:40:14.528Z] [unzip] deflating: /Users/boriskizenko/.cache/firebase/emulators/ui-v1.12.1/client/apple-touch-icon.png
[debug] [2024-07-19T22:40:14.529Z] [unzip] Entry: server/ (compressed_size=0 bytes, uncompressed_size=0 bytes)
[debug] [2024-07-19T22:40:14.529Z] [unzip] Processing entry: server/
[debug] [2024-07-19T22:40:14.529Z] [unzip] mkdir: /Users/boriskizenko/.cache/firebase/emulators/ui-v1.12.1/server/
[debug] [2024-07-19T22:40:14.529Z] [unzip] Entry: server/server.mjs.map (compressed_size=286219 bytes, uncompressed_size=1310517 bytes)
[debug] [2024-07-19T22:40:14.529Z] [unzip] Processing entry: server/server.mjs.map
[debug] [2024-07-19T22:40:14.529Z] [unzip] else mkdir: /Users/boriskizenko/.cache/firebase/emulators/ui-v1.12.1/server
[debug] [2024-07-19T22:40:14.529Z] [unzip] deflating: /Users/boriskizenko/.cache/firebase/emulators/ui-v1.12.1/server/server.mjs.map
[debug] [2024-07-19T22:40:14.532Z] [unzip] Entry: server/assets/ (compressed_size=0 bytes, uncompressed_size=0 bytes)
[debug] [2024-07-19T22:40:14.532Z] [unzip] Processing entry: server/assets/
[debug] [2024-07-19T22:40:14.532Z] [unzip] mkdir: /Users/boriskizenko/.cache/firebase/emulators/ui-v1.12.1/server/assets/
[debug] [2024-07-19T22:40:14.532Z] [unzip] Entry: server/assets/multipart-parser-n20ATYm_.mjs.map (compressed_size=4790 bytes, uncompressed_size=17920 bytes)
[debug] [2024-07-19T22:40:14.533Z] [unzip] Processing entry: server/assets/multipart-parser-n20ATYm_.mjs.map
[debug] [2024-07-19T22:40:14.533Z] [unzip] else mkdir: /Users/boriskizenko/.cache/firebase/emulators/ui-v1.12.1/server/assets
[debug] [2024-07-19T22:40:14.533Z] [unzip] deflating: /Users/boriskizenko/.cache/firebase/emulators/ui-v1.12.1/server/assets/multipart-parser-n20ATYm_.mjs.map
[debug] [2024-07-19T22:40:14.533Z] [unzip] Entry: server/assets/multipart-parser-n20ATYm_.mjs (compressed_size=2625 bytes, uncompressed_size=10428 bytes)
[debug] [2024-07-19T22:40:14.533Z] [unzip] Processing entry: server/assets/multipart-parser-n20ATYm_.mjs
[debug] [2024-07-19T22:40:14.533Z] [unzip] else mkdir: /Users/boriskizenko/.cache/firebase/emulators/ui-v1.12.1/server/assets
[debug] [2024-07-19T22:40:14.533Z] [unzip] deflating: /Users/boriskizenko/.cache/firebase/emulators/ui-v1.12.1/server/assets/multipart-parser-n20ATYm_.mjs
[debug] [2024-07-19T22:40:14.533Z] [unzip] Entry: server/server.mjs (compressed_size=311497 bytes, uncompressed_size=1147307 bytes)
[debug] [2024-07-19T22:40:14.533Z] [unzip] Processing entry: server/server.mjs
[debug] [2024-07-19T22:40:14.533Z] [unzip] else mkdir: /Users/boriskizenko/.cache/firebase/emulators/ui-v1.12.1/server
[debug] [2024-07-19T22:40:14.533Z] [unzip] deflating: /Users/boriskizenko/.cache/firebase/emulators/ui-v1.12.1/server/server.mjs
[debug] [2024-07-19T22:40:14.537Z] Ignoring unsupported arg: auto_download {"metadata":{"emulator":{"name":"ui"},"message":"Ignoring unsupported arg: auto_download"}}
[debug] [2024-07-19T22:40:14.537Z] Ignoring unsupported arg: port {"metadata":{"emulator":{"name":"ui"},"message":"Ignoring unsupported arg: port"}}
[debug] [2024-07-19T22:40:14.537Z] Starting Emulator UI with command {"binary":"node","args":["/Users/boriskizenko/.cache/firebase/emulators/ui-v1.12.1/server/server.mjs"],"optionalArgs":[],"joinArgs":false,"shell":false} {"metadata":{"emulator":{"name":"ui"},"message":"Starting Emulator UI with command {\"binary\":\"node\",\"args\":[\"/Users/boriskizenko/.cache/firebase/emulators/ui-v1.12.1/server/server.mjs\"],\"optionalArgs\":[],\"joinArgs\":false,\"shell\":false}"}}
[info] i  ui: Emulator UI logging to ui-debug.log {"metadata":{"emulator":{"name":"ui"},"message":"Emulator UI logging to \u001b[1mui-debug.log\u001b[22m"}}
[debug] [2024-07-19T22:40:14.617Z] Web / API server started at 127.0.0.1:4000
 {"metadata":{"emulator":{"name":"ui"},"message":"Web / API server started at 127.0.0.1:4000\n"}}
[debug] [2024-07-19T22:40:14.617Z] Web / API server started at ::1:4000
 {"metadata":{"emulator":{"name":"ui"},"message":"Web / API server started at ::1:4000\n"}}
[info] i  functions: Watching "/Users/boriskizenko/Documents/GroceryScraper/cheapr/functions" for Cloud Functions... {"metadata":{"emulator":{"name":"functions"},"message":"Watching \"/Users/boriskizenko/Documents/GroceryScraper/cheapr/functions\" for Cloud Functions..."}}
[debug] [2024-07-19T22:40:14.750Z] Customer code is not Node
[debug] [2024-07-19T22:40:14.750Z] Validating python source
[debug] [2024-07-19T22:40:14.750Z] Building python source
[debug] [2024-07-19T22:40:14.751Z] Could not find functions.yaml. Must use http discovery
[debug] [2024-07-19T22:40:14.758Z] Running command with virtualenv: command=., args=["\"/Users/boriskizenko/Documents/GroceryScraper/cheapr/functions/venv/bin/activate\"","&&","python3.11","-c","\"import firebase_functions; import os; print(os.path.dirname(firebase_functions.__file__))\""]
[debug] [2024-07-19T22:40:14.767Z] stderr: /bin/sh: python3.11: command not found

[error] ⬢  functions: Failed to load function definition from source: FirebaseError: Failed to find location of Firebase Functions SDK. Did you forget to run '. "/Users/boriskizenko/Documents/GroceryScraper/cheapr/functions/venv/bin/activate" && python3.11 -m pip install -r requirements.txt'? {"metadata":{"emulator":{"name":"functions"},"message":"Failed to load function definition from source: FirebaseError: Failed to find location of Firebase Functions SDK. Did you forget to run '. \"/Users/boriskizenko/Documents/GroceryScraper/cheapr/functions/venv/bin/activate\" && python3.11 -m pip install -r requirements.txt'?"}}
[info] 
┌─────────────────────────────────────────────────────────────┐
│ ✔  All emulators ready! It is now safe to connect your app. │
│ i  View Emulator UI at http://127.0.0.1:4000/               │
└─────────────────────────────────────────────────────────────┘

┌───────────┬────────────────┬─────────────────────────────────┐
│ Emulator  │ Host:Port      │ View in Emulator UI             │
├───────────┼────────────────┼─────────────────────────────────┤
│ Functions │ 127.0.0.1:5001 │ http://127.0.0.1:4000/functions │
└───────────┴────────────────┴─────────────────────────────────┘
  Emulator Hub running at 127.0.0.1:4400
  Other reserved ports: 4500

Issues? Report them at https://github.com/firebase/firebase-tools/issues and attach the *-debug.log files.
 
[debug] [2024-07-19T22:41:28.876Z] Received signal SIGHUP 1
[info]  
[info] i  emulators: Received SIGHUP for the first time. Starting a clean shutdown. 
[info] i  emulators: Please wait for a clean shutdown or send the SIGHUP signal again to stop right now. 
[info] i  emulators: Shutting down emulators. {"metadata":{"emulator":{"name":"hub"},"message":"Shutting down emulators."}}
[info] i  ui: Stopping Emulator UI {"metadata":{"emulator":{"name":"ui"},"message":"Stopping Emulator UI"}}
[debug] [2024-07-19T22:41:28.884Z] Error: write EIO
    at afterWriteDispatched (node:internal/stream_base_commons:160:15)
    at writeGeneric (node:internal/stream_base_commons:151:3)
    at Socket._writeGeneric (node:net:952:11)
    at Socket._write (node:net:964:8)
    at writeOrBuffer (node:internal/streams/writable:556:12)
    at _write (node:internal/streams/writable:490:10)
    at Writable.write (node:internal/streams/writable:494:10)
    at Console.log (/Users/boriskizenko/.npm-global/lib/node_modules/firebase-tools/node_modules/winston/lib/winston/transports/console.js:79:23)
    at Console._write (/Users/boriskizenko/.npm-global/lib/node_modules/firebase-tools/node_modules/winston-transport/modern.js:103:17)
    at doWrite (/Users/boriskizenko/.npm-global/lib/node_modules/firebase-tools/node_modules/winston-transport/node_modules/readable-stream/lib/_stream_writable.js:390:139)
[error] 
[error] Error: An unexpected error has occurred.
[debug] [2024-07-19T22:41:28.885Z] Error: write EIO
    at afterWriteDispatched (node:internal/stream_base_commons:160:15)
    at writeGeneric (node:internal/stream_base_commons:151:3)
    at Socket._writeGeneric (node:net:952:11)
    at Socket._write (node:net:964:8)
    at writeOrBuffer (node:internal/streams/writable:556:12)
    at _write (node:internal/streams/writable:490:10)
    at Writable.write (node:internal/streams/writable:494:10)
    at Console.log (/Users/boriskizenko/.npm-global/lib/node_modules/firebase-tools/node_modules/winston/lib/winston/transports/console.js:79:23)
    at Console._write (/Users/boriskizenko/.npm-global/lib/node_modules/firebase-tools/node_modules/winston-transport/modern.js:103:17)
    at doWrite (/Users/boriskizenko/.npm-global/lib/node_modules/firebase-tools/node_modules/winston-transport/node_modules/readable-stream/lib/_stream_writable.js:390:139)
[error] 
[error] Error: An unexpected error has occurred.
[debug] [2024-07-19T22:41:28.885Z] Error: write EIO
    at afterWriteDispatched (node:internal/stream_base_commons:160:15)
    at writeGeneric (node:internal/stream_base_commons:151:3)
    at Socket._writeGeneric (node:net:952:11)
    at Socket._write (node:net:964:8)
    at writeOrBuffer (node:internal/streams/writable:556:12)
    at _write (node:internal/streams/writable:490:10)
    at Writable.write (node:internal/streams/writable:494:10)
    at Console.log (/Users/boriskizenko/.npm-global/lib/node_modules/firebase-tools/node_modules/winston/lib/winston/transports/console.js:79:23)
    at Console._write (/Users/boriskizenko/.npm-global/lib/node_modules/firebase-tools/node_modules/winston-transport/modern.js:103:17)
    at doWrite (/Users/boriskizenko/.npm-global/lib/node_modules/firebase-tools/node_modules/winston-transport/node_modules/readable-stream/lib/_stream_writable.js:390:139)
[error] 
[error] Error: An unexpected error has occurred.
[debug] [2024-07-19T22:41:28.886Z] Error: write EIO
    at afterWriteDispatched (node:internal/stream_base_commons:160:15)
    at writeGeneric (node:internal/stream_base_commons:151:3)
    at Socket._writeGeneric (node:net:952:11)
    at Socket._write (node:net:964:8)
    at writeOrBuffer (node:internal/streams/writable:556:12)
    at _write (node:internal/streams/writable:490:10)
    at Writable.write (node:internal/streams/writable:494:10)
    at Console.log (/Users/boriskizenko/.npm-global/lib/node_modules/firebase-tools/node_modules/winston/lib/winston/transports/console.js:79:23)
    at Console._write (/Users/boriskizenko/.npm-global/lib/node_modules/firebase-tools/node_modules/winston-transport/modern.js:103:17)
    at doWrite (/Users/boriskizenko/.npm-global/lib/node_modules/firebase-tools/node_modules/winston-transport/node_modules/readable-stream/lib/_stream_writable.js:390:139)
[error] 
[error] Error: An unexpected error has occurred.
[debug] [2024-07-19T22:41:28.886Z] Error: write EIO
    at afterWriteDispatched (node:internal/stream_base_commons:160:15)
    at writeGeneric (node:internal/stream_base_commons:151:3)
    at Socket._writeGeneric (node:net:952:11)
    at Socket._write (node:net:964:8)
    at writeOrBuffer (node:internal/streams/writable:556:12)
    at _write (node:internal/streams/writable:490:10)
    at Writable.write (node:internal/streams/writable:494:10)
    at Console.log (/Users/boriskizenko/.npm-global/lib/node_modules/firebase-tools/node_modules/winston/lib/winston/transports/console.js:79:23)
    at Console._write (/Users/boriskizenko/.npm-global/lib/node_modules/firebase-tools/node_modules/winston-transport/modern.js:103:17)
    at doWrite (/Users/boriskizenko/.npm-global/lib/node_modules/firebase-tools/node_modules/winston-transport/node_modules/readable-stream/lib/_stream_writable.js:390:139)
[error] 
[error] Error: An unexpected error has occurred.
[debug] [2024-07-19T22:41:28.886Z] Error: write EIO
    at afterWriteDispatched (node:internal/stream_base_commons:160:15)
    at writeGeneric (node:internal/stream_base_commons:151:3)
    at Socket._writeGeneric (node:net:952:11)
    at Socket._write (node:net:964:8)
    at writeOrBuffer (node:internal/streams/writable:556:12)
    at _write (node:internal/streams/writable:490:10)
    at Writable.write (node:internal/streams/writable:494:10)
    at Console.log (/Users/boriskizenko/.npm-global/lib/node_modules/firebase-tools/node_modules/winston/lib/winston/transports/console.js:79:23)
    at Console._write (/Users/boriskizenko/.npm-global/lib/node_modules/firebase-tools/node_modules/winston-transport/modern.js:103:17)
    at doWrite (/Users/boriskizenko/.npm-global/lib/node_modules/firebase-tools/node_modules/winston-transport/node_modules/readable-stream/lib/_stream_writable.js:390:139)
[error] 
[error] Error: An unexpected error has occurred.
[debug] [2024-07-19T22:41:28.887Z] Error: write EIO
    at afterWriteDispatched (node:internal/stream_base_commons:160:15)
    at writeGeneric (node:internal/stream_base_commons:151:3)
    at Socket._writeGeneric (node:net:952:11)
    at Socket._write (node:net:964:8)
    at writeOrBuffer (node:internal/streams/writable:556:12)
    at _write (node:internal/streams/writable:490:10)
    at Writable.write (node:internal/streams/writable:494:10)
    at Console.log (/Users/boriskizenko/.npm-global/lib/node_modules/firebase-tools/node_modules/winston/lib/winston/transports/console.js:79:23)
    at Console._write (/Users/boriskizenko/.npm-global/lib/node_modules/firebase-tools/node_modules/winston-transport/modern.js:103:17)
    at doWrite (/Users/boriskizenko/.npm-global/lib/node_modules/firebase-tools/node_modules/winston-transport/node_modules/readable-stream/lib/_stream_writable.js:390:139)
[error] 
[error] Error: An unexpected error has occurred.
[debug] [2024-07-19T22:41:28.887Z] Error: write EIO
    at afterWriteDispatched (node:internal/stream_base_commons:160:15)
    at writeGeneric (node:internal/stream_base_commons:151:3)
    at Socket._writeGeneric (node:net:952:11)
    at Socket._write (node:net:964:8)
    at writeOrBuffer (node:internal/streams/writable:556:12)
    at _write (node:internal/streams/writable:490:10)
    at Writable.write (node:internal/streams/writable:494:10)
    at Console.log (/Users/boriskizenko/.npm-global/lib/node_modules/firebase-tools/node_modules/winston/lib/winston/transports/console.js:79:23)
    at Console._write (/Users/boriskizenko/.npm-global/lib/node_modules/firebase-tools/node_modules/winston-transport/modern.js:103:17)
    at doWrite (/Users/boriskizenko/.npm-global/lib/node_modules/firebase-tools/node_modules/winston-transport/node_modules/readable-stream/lib/_stream_writable.js:390:139)
[error] 
[error] Error: An unexpected error has occurred.
[debug] [2024-07-19T22:41:28.887Z] Error: write EIO
    at afterWriteDispatched (node:internal/stream_base_commons:160:15)
    at writeGeneric (node:internal/stream_base_commons:151:3)
    at Socket._writeGeneric (node:net:952:11)
    at Socket._write (node:net:964:8)
    at writeOrBuffer (node:internal/streams/writable:556:12)
    at _write (node:internal/streams/writable:490:10)
    at Writable.write (node:internal/streams/writable:494:10)
    at Console.log (/Users/boriskizenko/.npm-global/lib/node_modules/firebase-tools/node_modules/winston/lib/winston/transports/console.js:79:23)
    at Console._write (/Users/boriskizenko/.npm-global/lib/node_modules/firebase-tools/node_modules/winston-transport/modern.js:103:17)
    at doWrite (/Users/boriskizenko/.npm-global/lib/node_modules/firebase-tools/node_modules/winston-transport/node_modules/readable-stream/lib/_stream_writable.js:390:139)
[error] 
[error] Error: An unexpected error has occurred.
[debug] [2024-07-19T22:41:28.888Z] Error: write EIO
    at afterWriteDispatched (node:internal/stream_base_commons:160:15)
    at writeGeneric (node:internal/stream_base_commons:151:3)
    at Socket._writeGeneric (node:net:952:11)
    at Socket._write (node:net:964:8)
    at writeOrBuffer (node:internal/streams/writable:556:12)
    at _write (node:internal/streams/writable:490:10)
    at Writable.write (node:internal/streams/writable:494:10)
    at Console.log (/Users/boriskizenko/.npm-global/lib/node_modules/firebase-tools/node_modules/winston/lib/winston/transports/console.js:79:23)
    at Console._write (/Users/boriskizenko/.npm-global/lib/node_modules/firebase-tools/node_modules/winston-transport/modern.js:103:17)
    at doWrite (/Users/boriskizenko/.npm-global/lib/node_modules/firebase-tools/node_modules/winston-transport/node_modules/readable-stream/lib/_stream_writable.js:390:139)
[error] 
[error] Error: An unexpected error has occurred.
[debug] [2024-07-19T22:41:28.888Z] Error: write EIO
    at afterWriteDispatched (node:internal/stream_base_commons:160:15)
    at writeGeneric (node:internal/stream_base_commons:151:3)
    at Socket._writeGeneric (node:net:952:11)
    at Socket._write (node:net:964:8)
    at writeOrBuffer (node:internal/streams/writable:556:12)
    at _write (node:internal/streams/writable:490:10)
    at Writable.write (node:internal/streams/writable:494:10)
    at Console.log (/Users/boriskizenko/.npm-global/lib/node_modules/firebase-tools/node_modules/winston/lib/winston/transports/console.js:79:23)
    at Console._write (/Users/boriskizenko/.npm-global/lib/node_modules/firebase-tools/node_modules/winston-transport/modern.js:103:17)
    at doWrite (/Users/boriskizenko/.npm-global/lib/node_modules/firebase-tools/node_modules/winston-transport/node_modules/readable-stream/lib/_stream_writable.js:390:139)
[error] 
[error] Error: An unexpected error has occurred.
[debug] [2024-07-19T22:41:28.888Z] Error: write EIO
    at afterWriteDispatched (node:internal/stream_base_commons:160:15)
    at writeGeneric (node:internal/stream_base_commons:151:3)
    at Socket._writeGeneric (node:net:952:11)
    at Socket._write (node:net:964:8)
    at writeOrBuffer (node:internal/streams/writable:556:12)
    at _write (node:internal/streams/writable:490:10)
    at Writable.write (node:internal/streams/writable:494:10)
    at Console.log (/Users/boriskizenko/.npm-global/lib/node_modules/firebase-tools/node_modules/winston/lib/winston/transports/console.js:79:23)
    at Console._write (/Users/boriskizenko/.npm-global/lib/node_modules/firebase-tools/node_modules/winston-transport/modern.js:103:17)
    at doWrite (/Users/boriskizenko/.npm-global/lib/node_modules/firebase-tools/node_modules/winston-transport/node_modules/readable-stream/lib/_stream_writable.js:390:139)
[error] 
[error] Error: An unexpected error has occurred.
[debug] [2024-07-19T22:41:28.894Z] Error: write EIO
    at afterWriteDispatched (node:internal/stream_base_commons:160:15)
    at writeGeneric (node:internal/stream_base_commons:151:3)
    at Socket._writeGeneric (node:net:952:11)
    at Socket._write (node:net:964:8)
    at writeOrBuffer (node:internal/streams/writable:556:12)
    at _write (node:internal/streams/writable:490:10)
    at Writable.write (node:internal/streams/writable:494:10)
    at Console.log (/Users/boriskizenko/.npm-global/lib/node_modules/firebase-tools/node_modules/winston/lib/winston/transports/console.js:79:23)
    at Console._write (/Users/boriskizenko/.npm-global/lib/node_modules/firebase-tools/node_modules/winston-transport/modern.js:103:17)
    at doWrite (/Users/boriskizenko/.npm-global/lib/node_modules/firebase-tools/node_modules/winston-transport/node_modules/readable-stream/lib/_stream_writable.js:390:139)
[error] 
[error] Error: An unexpected error has occurred.
[debug] [2024-07-19T22:41:28.895Z] Error: write EIO
    at afterWriteDispatched (node:internal/stream_base_commons:160:15)
    at writeGeneric (node:internal/stream_base_commons:151:3)
    at Socket._writeGeneric (node:net:952:11)
    at Socket._write (node:net:964:8)
    at writeOrBuffer (node:internal/streams/writable:556:12)
    at _write (node:internal/streams/writable:490:10)
    at Writable.write (node:internal/streams/writable:494:10)
    at Console.log (/Users/boriskizenko/.npm-global/lib/node_modules/firebase-tools/node_modules/winston/lib/winston/transports/console.js:79:23)
    at Console._write (/Users/boriskizenko/.npm-global/lib/node_modules/firebase-tools/node_modules/winston-transport/modern.js:103:17)
    at doWrite (/Users/boriskizenko/.npm-global/lib/node_modules/firebase-tools/node_modules/winston-transport/node_modules/readable-stream/lib/_stream_writable.js:390:139)
[error] 
[error] Error: An unexpected error has occurred.
[debug] [2024-07-19T22:41:28.895Z] Error: write EIO
    at afterWriteDispatched (node:internal/stream_base_commons:160:15)
    at writeGeneric (node:internal/stream_base_commons:151:3)
    at Socket._writeGeneric (node:net:952:11)
    at Socket._write (node:net:964:8)
    at writeOrBuffer (node:internal/streams/writable:556:12)
    at _write (node:internal/streams/writable:490:10)
    at Writable.write (node:internal/streams/writable:494:10)
    at Console.log (/Users/boriskizenko/.npm-global/lib/node_modules/firebase-tools/node_modules/winston/lib/winston/transports/console.js:79:23)
    at Console._write (/Users/boriskizenko/.npm-global/lib/node_modules/firebase-tools/node_modules/winston-transport/modern.js:103:17)
    at doWrite (/Users/boriskizenko/.npm-global/lib/node_modules/firebase-tools/node_modules/winston-transport/node_modules/readable-stream/lib/_stream_writable.js:390:139)
[error] 
[error] Error: An unexpected error has occurred.
[debug] [2024-07-19T22:41:28.896Z] Error: write EIO
    at afterWriteDispatched (node:internal/stream_base_commons:160:15)
    at writeGeneric (node:internal/stream_base_commons:151:3)
    at Socket._writeGeneric (node:net:952:11)
    at Socket._write (node:net:964:8)
    at writeOrBuffer (node:internal/streams/writable:556:12)
    at _write (node:internal/streams/writable:490:10)
    at Writable.write (node:internal/streams/writable:494:10)
    at Console.log (/Users/boriskizenko/.npm-global/lib/node_modules/firebase-tools/node_modules/winston/lib/winston/transports/console.js:79:23)
    at Console._write (/Users/boriskizenko/.npm-global/lib/node_modules/firebase-tools/node_modules/winston-transport/modern.js:103:17)
    at doWrite (/Users/boriskizenko/.npm-global/lib/node_modules/firebase-tools/node_modules/winston-transport/node_modules/readable-stream/lib/_stream_writable.js:390:139)
[error] 
[error] Error: An unexpected error has occurred.
[debug] [2024-07-19T22:41:28.896Z] Error: write EIO
    at afterWriteDispatched (node:internal/stream_base_commons:160:15)
    at writeGeneric (node:internal/stream_base_commons:151:3)
    at Socket._writeGeneric (node:net:952:11)
    at Socket._write (node:net:964:8)
    at writeOrBuffer (node:internal/streams/writable:556:12)
    at _write (node:internal/streams/writable:490:10)
    at Writable.write (node:internal/streams/writable:494:10)
    at Console.log (/Users/boriskizenko/.npm-global/lib/node_modules/firebase-tools/node_modules/winston/lib/winston/transports/console.js:79:23)
    at Console._write (/Users/boriskizenko/.npm-global/lib/node_modules/firebase-tools/node_modules/winston-transport/modern.js:103:17)
    at doWrite (/Users/boriskizenko/.npm-global/lib/node_modules/firebase-tools/node_modules/winston-transport/node_modules/readable-stream/lib/_stream_writable.js:390:139)
[error] 
[error] Error: An unexpected error has occurred.
[debug] [2024-07-19T22:41:28.896Z] Error: write EIO
    at afterWriteDispatched (node:internal/stream_base_commons:160:15)
    at writeGeneric (node:internal/stream_base_commons:151:3)
    at Socket._writeGeneric (node:net:952:11)
    at Socket._write (node:net:964:8)
    at writeOrBuffer (node:internal/streams/writable:556:12)
    at _write (node:internal/streams/writable:490:10)
    at Writable.write (node:internal/streams/writable:494:10)
    at Console.log (/Users/boriskizenko/.npm-global/lib/node_modules/firebase-tools/node_modules/winston/lib/winston/transports/console.js:79:23)
    at Console._write (/Users/boriskizenko/.npm-global/lib/node_modules/firebase-tools/node_modules/winston-transport/modern.js:103:17)
    at doWrite (/Users/boriskizenko/.npm-global/lib/node_modules/firebase-tools/node_modules/winston-transport/node_modules/readable-stream/lib/_stream_writable.js:390:139)
[error] 
[error] Error: An unexpected error has occurred.
[debug] [2024-07-19T22:41:28.897Z] Error: write EIO
    at afterWriteDispatched (node:internal/stream_base_commons:160:15)
    at writeGeneric (node:internal/stream_base_commons:151:3)
    at Socket._writeGeneric (node:net:952:11)
    at Socket._write (node:net:964:8)
    at writeOrBuffer (node:internal/streams/writable:556:12)
    at _write (node:internal/streams/writable:490:10)
    at Writable.write (node:internal/streams/writable:494:10)
    at Console.log (/Users/boriskizenko/.npm-global/lib/node_modules/firebase-tools/node_modules/winston/lib/winston/transports/console.js:79:23)
    at Console._write (/Users/boriskizenko/.npm-global/lib/node_modules/firebase-tools/node_modules/winston-transport/modern.js:103:17)
    at doWrite (/Users/boriskizenko/.npm-global/lib/node_modules/firebase-tools/node_modules/winston-transport/node_modules/readable-stream/lib/_stream_writable.js:390:139)
[error] 
[error] Error: An unexpected error has occurred.
[debug] [2024-07-19T22:41:28.897Z] Error: write EIO
    at afterWriteDispatched (node:internal/stream_base_commons:160:15)
    at writeGeneric (node:internal/stream_base_commons:151:3)
    at Socket._writeGeneric (node:net:952:11)
    at Socket._write (node:net:964:8)
    at writeOrBuffer (node:internal/streams/writable:556:12)
    at _write (node:internal/streams/writable:490:10)
    at Writable.write (node:internal/streams/writable:494:10)
    at Console.log (/Users/boriskizenko/.npm-global/lib/node_modules/firebase-tools/node_modules/winston/lib/winston/transports/console.js:79:23)
    at Console._write (/Users/boriskizenko/.npm-global/lib/node_modules/firebase-tools/node_modules/winston-transport/modern.js:103:17)
    at doWrite (/Users/boriskizenko/.npm-global/lib/node_modules/firebase-tools/node_modules/winston-transport/node_modules/readable-stream/lib/_stream_writable.js:390:139)
[error] 
[error] Error: An unexpected error has occurred.
[debug] [2024-07-19T22:41:28.897Z] Error: write EIO
    at afterWriteDispatched (node:internal/stream_base_commons:160:15)
    at writeGeneric (node:internal/stream_base_commons:151:3)
    at Socket._writeGeneric (node:net:952:11)
    at Socket._write (node:net:964:8)
    at writeOrBuffer (node:internal/streams/writable:556:12)
    at _write (node:internal/streams/writable:490:10)
    at Writable.write (node:internal/streams/writable:494:10)
    at Console.log (/Users/boriskizenko/.npm-global/lib/node_modules/firebase-tools/node_modules/winston/lib/winston/transports/console.js:79:23)
    at Console._write (/Users/boriskizenko/.npm-global/lib/node_modules/firebase-tools/node_modules/winston-transport/modern.js:103:17)
    at doWrite (/Users/boriskizenko/.npm-global/lib/node_modules/firebase-tools/node_modules/winston-transport/node_modules/readable-stream/lib/_stream_writable.js:390:139)
[error] 
[error] Error: An unexpected error has occurred.
[debug] [2024-07-19T22:41:28.898Z] Error: write EIO
    at afterWriteDispatched (node:internal/stream_base_commons:160:15)
    at writeGeneric (node:internal/stream_base_commons:151:3)
    at Socket._writeGeneric (node:net:952:11)
    at Socket._write (node:net:964:8)
    at writeOrBuffer (node:internal/streams/writable:556:12)
    at _write (node:internal/streams/writable:490:10)
    at Writable.write (node:internal/streams/writable:494:10)
    at Console.log (/Users/boriskizenko/.npm-global/lib/node_modules/firebase-tools/node_modules/winston/lib/winston/transports/console.js:79:23)
    at Console._write (/Users/boriskizenko/.npm-global/lib/node_modules/firebase-tools/node_modules/winston-transport/modern.js:103:17)
    at doWrite (/Users/boriskizenko/.npm-global/lib/node_modules/firebase-tools/node_modules/winston-transport/node_modules/readable-stream/lib/_stream_writable.js:390:139)
[error] 
[error] Error: An unexpected error has occurred.
[debug] [2024-07-19T22:41:28.898Z] Error: write EIO
    at afterWriteDispatched (node:internal/stream_base_commons:160:15)
    at writeGeneric (node:internal/stream_base_commons:151:3)
    at Socket._writeGeneric (node:net:952:11)
    at Socket._write (node:net:964:8)
    at writeOrBuffer (node:internal/streams/writable:556:12)
    at _write (node:internal/streams/writable:490:10)
    at Writable.write (node:internal/streams/writable:494:10)
    at Console.log (/Users/boriskizenko/.npm-global/lib/node_modules/firebase-tools/node_modules/winston/lib/winston/transports/console.js:79:23)
    at Console._write (/Users/boriskizenko/.npm-global/lib/node_modules/firebase-tools/node_modules/winston-transport/modern.js:103:17)
    at doWrite (/Users/boriskizenko/.npm-global/lib/node_modules/firebase-tools/node_modules/winston-transport/node_modules/readable-stream/lib/_stream_writable.js:390:139)
[error] 
[error] Error: An unexpected error has occurred.
[debug] [2024-07-19T22:41:28.899Z] Error: write EIO
    at afterWriteDispatched (node:internal/stream_base_commons:160:15)
    at writeGeneric (node:internal/stream_base_commons:151:3)
    at Socket._writeGeneric (node:net:952:11)
    at Socket._write (node:net:964:8)
    at writeOrBuffer (node:internal/streams/writable:556:12)
    at _write (node:internal/streams/writable:490:10)
    at Writable.write (node:internal/streams/writable:494:10)
    at Console.log (/Users/boriskizenko/.npm-global/lib/node_modules/firebase-tools/node_modules/winston/lib/winston/transports/console.js:79:23)
    at Console._write (/Users/boriskizenko/.npm-global/lib/node_modules/firebase-tools/node_modules/winston-transport/modern.js:103:17)
    at doWrite (/Users/boriskizenko/.npm-global/lib/node_modules/firebase-tools/node_modules/winston-transport/node_modules/readable-stream/lib/_stream_writable.js:390:139)
[error] 
[error] Error: An unexpected error has occurred.
[debug] [2024-07-19T22:41:28.899Z] Error: write EIO
    at afterWriteDispatched (node:internal/stream_base_commons:160:15)
    at writeGeneric (node:internal/stream_base_commons:151:3)
    at Socket._writeGeneric (node:net:952:11)
    at Socket._write (node:net:964:8)
    at writeOrBuffer (node:internal/streams/writable:556:12)
    at _write (node:internal/streams/writable:490:10)
    at Writable.write (node:internal/streams/writable:494:10)
    at Console.log (/Users/boriskizenko/.npm-global/lib/node_modules/firebase-tools/node_modules/winston/lib/winston/transports/console.js:79:23)
    at Console._write (/Users/boriskizenko/.npm-global/lib/node_modules/firebase-tools/node_modules/winston-transport/modern.js:103:17)
    at doWrite (/Users/boriskizenko/.npm-global/lib/node_modules/firebase-tools/node_modules/winston-transport/node_modules/readable-stream/lib/_stream_writable.js:390:139)
[error] 
[error] Error: An unexpected error has occurred.
[debug] [2024-07-19T22:41:28.900Z] Error: write EIO
    at afterWriteDispatched (node:internal/stream_base_commons:160:15)
    at writeGeneric (node:internal/stream_base_commons:151:3)
    at Socket._writeGeneric (node:net:952:11)
    at Socket._write (node:net:964:8)
    at writeOrBuffer (node:internal/streams/writable:556:12)
    at _write (node:internal/streams/writable:490:10)
    at Writable.write (node:internal/streams/writable:494:10)
    at Console.log (/Users/boriskizenko/.npm-global/lib/node_modules/firebase-tools/node_modules/winston/lib/winston/transports/console.js:79:23)
    at Console._write (/Users/boriskizenko/.npm-global/lib/node_modules/firebase-tools/node_modules/winston-transport/modern.js:103:17)
    at doWrite (/Users/boriskizenko/.npm-global/lib/node_modules/firebase-tools/node_modules/winston-transport/node_modules/readable-stream/lib/_stream_writable.js:390:139)
[error] 
[error] Error: An unexpected error has occurred.
[debug] [2024-07-19T22:41:28.900Z] Error: write EIO
    at afterWriteDispatched (node:internal/stream_base_commons:160:15)
    at writeGeneric (node:internal/stream_base_commons:151:3)
    at Socket._writeGeneric (node:net:952:11)
    at Socket._write (node:net:964:8)
    at writeOrBuffer (node:internal/streams/writable:556:12)
    at _write (node:internal/streams/writable:490:10)
    at Writable.write (node:internal/streams/writable:494:10)
    at Console.log (/Users/boriskizenko/.npm-global/lib/node_modules/firebase-tools/node_modules/winston/lib/winston/transports/console.js:79:23)
    at Console._write (/Users/boriskizenko/.npm-global/lib/node_modules/firebase-tools/node_modules/winston-transport/modern.js:103:17)
    at doWrite (/Users/boriskizenko/.npm-global/lib/node_modules/firebase-tools/node_modules/winston-transport/node_modules/readable-stream/lib/_stream_writable.js:390:139)
[error] 
[error] Error: An unexpected error has occurred.
[warn] ⚠  Emulator UI has exited upon receiving signal: SIGINT 
[debug] [2024-07-19T22:41:28.901Z] Error: write EIO
    at afterWriteDispatched (node:internal/stream_base_commons:160:15)
    at writeGeneric (node:internal/stream_base_commons:151:3)
    at Socket._writeGeneric (node:net:952:11)
    at Socket._write (node:net:964:8)
    at writeOrBuffer (node:internal/streams/writable:556:12)
    at _write (node:internal/streams/writable:490:10)
    at Writable.write (node:internal/streams/writable:494:10)
    at Console.log (/Users/boriskizenko/.npm-global/lib/node_modules/firebase-tools/node_modules/winston/lib/winston/transports/console.js:79:23)
    at Console._write (/Users/boriskizenko/.npm-global/lib/node_modules/firebase-tools/node_modules/winston-transport/modern.js:103:17)
    at doWrite (/Users/boriskizenko/.npm-global/lib/node_modules/firebase-tools/node_modules/winston-transport/node_modules/readable-stream/lib/_stream_writable.js:390:139)
[error] 
[error] Error: An unexpected error has occurred.
[debug] [2024-07-19T22:41:28.901Z] Ignoring signal SIGHUP due to short delay of 25ms
[debug] [2024-07-19T22:41:28.902Z] Error: write EIO
    at afterWriteDispatched (node:internal/stream_base_commons:160:15)
    at writeGeneric (node:internal/stream_base_commons:151:3)
    at Socket._writeGeneric (node:net:952:11)
    at Socket._write (node:net:964:8)
    at writeOrBuffer (node:internal/streams/writable:556:12)
    at _write (node:internal/streams/writable:490:10)
    at Writable.write (node:internal/streams/writable:494:10)
    at Console.log (/Users/boriskizenko/.npm-global/lib/node_modules/firebase-tools/node_modules/winston/lib/winston/transports/console.js:79:23)
    at Console._write (/Users/boriskizenko/.npm-global/lib/node_modules/firebase-tools/node_modules/winston-transport/modern.js:103:17)
    at doWrite (/Users/boriskizenko/.npm-global/lib/node_modules/firebase-tools/node_modules/winston-transport/node_modules/readable-stream/lib/_stream_writable.js:390:139)
[error] 
[error] Error: An unexpected error has occurred.
[debug] [2024-07-19T22:41:28.902Z] Error: write EIO
    at afterWriteDispatched (node:internal/stream_base_commons:160:15)
    at writeGeneric (node:internal/stream_base_commons:151:3)
    at Socket._writeGeneric (node:net:952:11)
    at Socket._write (node:net:964:8)
    at writeOrBuffer (node:internal/streams/writable:556:12)
    at _write (node:internal/streams/writable:490:10)
    at Writable.write (node:internal/streams/writable:494:10)
    at Console.log (/Users/boriskizenko/.npm-global/lib/node_modules/firebase-tools/node_modules/winston/lib/winston/transports/console.js:79:23)
    at Console._write (/Users/boriskizenko/.npm-global/lib/node_modules/firebase-tools/node_modules/winston-transport/modern.js:103:17)
    at doWrite (/Users/boriskizenko/.npm-global/lib/node_modules/firebase-tools/node_modules/winston-transport/node_modules/readable-stream/lib/_stream_writable.js:390:139)
[error] 
[error] Error: An unexpected error has occurred.
[debug] [2024-07-19T22:41:28.902Z] Error: write EIO
    at afterWriteDispatched (node:internal/stream_base_commons:160:15)
    at writeGeneric (node:internal/stream_base_commons:151:3)
    at Socket._writeGeneric (node:net:952:11)
    at Socket._write (node:net:964:8)
    at writeOrBuffer (node:internal/streams/writable:556:12)
    at _write (node:internal/streams/writable:490:10)
    at Writable.write (node:internal/streams/writable:494:10)
    at Console.log (/Users/boriskizenko/.npm-global/lib/node_modules/firebase-tools/node_modules/winston/lib/winston/transports/console.js:79:23)
    at Console._write (/Users/boriskizenko/.npm-global/lib/node_modules/firebase-tools/node_modules/winston-transport/modern.js:103:17)
    at doWrite (/Users/boriskizenko/.npm-global/lib/node_modules/firebase-tools/node_modules/winston-transport/node_modules/readable-stream/lib/_stream_writable.js:390:139)
[error] 
[error] Error: An unexpected error has occurred.
[debug] [2024-07-19T22:41:28.902Z] Error: write EIO
    at afterWriteDispatched (node:internal/stream_base_commons:160:15)
    at writeGeneric (node:internal/stream_base_commons:151:3)
    at Socket._writeGeneric (node:net:952:11)
    at Socket._write (node:net:964:8)
    at writeOrBuffer (node:internal/streams/writable:556:12)
    at _write (node:internal/streams/writable:490:10)
    at Writable.write (node:internal/streams/writable:494:10)
    at Console.log (/Users/boriskizenko/.npm-global/lib/node_modules/firebase-tools/node_modules/winston/lib/winston/transports/console.js:79:23)
    at Console._write (/Users/boriskizenko/.npm-global/lib/node_modules/firebase-tools/node_modules/winston-transport/modern.js:103:17)
    at doWrite (/Users/boriskizenko/.npm-global/lib/node_modules/firebase-tools/node_modules/winston-transport/node_modules/readable-stream/lib/_stream_writable.js:390:139)
[error] 
[error] Error: An unexpected error has occurred.
[debug] [2024-07-19T22:41:28.903Z] Error: write EIO
    at afterWriteDispatched (node:internal/stream_base_commons:160:15)
    at writeGeneric (node:internal/stream_base_commons:151:3)
    at Socket._writeGeneric (node:net:952:11)
    at Socket._write (node:net:964:8)
    at writeOrBuffer (node:internal/streams/writable:556:12)
    at _write (node:internal/streams/writable:490:10)
    at Writable.write (node:internal/streams/writable:494:10)
    at Console.log (/Users/boriskizenko/.npm-global/lib/node_modules/firebase-tools/node_modules/winston/lib/winston/transports/console.js:79:23)
    at Console._write (/Users/boriskizenko/.npm-global/lib/node_modules/firebase-tools/node_modules/winston-transport/modern.js:103:17)
    at doWrite (/Users/boriskizenko/.npm-global/lib/node_modules/firebase-tools/node_modules/winston-transport/node_modules/readable-stream/lib/_stream_writable.js:390:139)
[error] 
[error] Error: An unexpected error has occurred.
[debug] [2024-07-19T22:41:28.903Z] Error: write EIO
    at afterWriteDispatched (node:internal/stream_base_commons:160:15)
    at writeGeneric (node:internal/stream_base_commons:151:3)
    at Socket._writeGeneric (node:net:952:11)
    at Socket._write (node:net:964:8)
    at writeOrBuffer (node:internal/streams/writable:556:12)
    at _write (node:internal/streams/writable:490:10)
    at Writable.write (node:internal/streams/writable:494:10)
    at Console.log (/Users/boriskizenko/.npm-global/lib/node_modules/firebase-tools/node_modules/winston/lib/winston/transports/console.js:79:23)
    at Console._write (/Users/boriskizenko/.npm-global/lib/node_modules/firebase-tools/node_modules/winston-transport/modern.js:103:17)
    at doWrite (/Users/boriskizenko/.npm-global/lib/node_modules/firebase-tools/node_modules/winston-transport/node_modules/readable-stream/lib/_stream_writable.js:390:139)
